   Linting and checking validity of types ...
(node:11356) ExperimentalWarning: The Fetch API is an experimental feature. This feature could change at any time
(Use `node --trace-warnings ...` to show where the warning was created)
   ▲ Next.js 14.0.2

   Creating an optimized production build ...
 ✓ Compiled successfully
   Collecting page data ...
   Generating static pages (0/3) ...
 ✓ Generating static pages (3/3) 
   Finalizing page optimization ...
   Collecting build traces ...

Route (pages)                              Size     First Load JS
┌ ○ /                                      8.47 kB          93 kB
├   /_app                                  0 B            84.5 kB
└ ○ /404                                   178 B          84.7 kB
+ First Load JS shared by all              87.5 kB
  ├ chunks/framework-d567a1b3daec1299.js   45.2 kB
  ├ chunks/main-bbcfa75fd42ef8cd.js        31.7 kB
  ├ chunks/pages/_app-5ab798770e1b6ac7.js  6.83 kB
  ├ chunks/webpack-8fa1640cc84ba8fe.js     750 B
  └ css/07ecf09660fe5589.css               3.01 kB

○  (Static)  prerendered as static content

